<?xml version="1.0" encoding="UTF-8"?>
<!-- Generated by org.testng.reporters.JUnitReportReporter -->
<testsuite hostname="Hasan" name="com.chasepay.BillPay" tests="1" failures="0" timestamp="31 Jul 2016 16:01:06 GMT" time="0.015" errors="0">
  <testcase name="testBill" time="0.015" classname="com.chasepay.BillPay"/>
</testsuite> <!-- com.chasepay.BillPay -->
